Smallest Loss achieved trial 0: 0.38254398107528687, with 0.75 split, 2000 epochs, 0.01 learning rate
Smallest Loss achieved trial 1: 0.3795059621334076, with 0.75 split, 1000 epochs, 0.01 learning rate
Smallest Loss achieved trial 2: 0.3702905774116516, with 0.75 split, 2000 epochs, 0.01 learning rate
Smallest Loss achieved trial 3: 0.3702905774116516, with 0.75 split, 2000 epochs, 0.01 learning rate
Average loss for (0.75, 500, 0.01) over 4 trials: 0.3918113112449646
Average loss for (0.75, 500, 0.001) over 4 trials: 0.3911440968513489
Average loss for (0.75, 500, 0.0001) over 4 trials: 0.49441754817962646
Average loss for (0.8, 500, 0.01) over 4 trials: 0.39842724800109863
Average loss for (0.8, 500, 0.001) over 4 trials: 0.3927389681339264
Average loss for (0.8, 500, 0.0001) over 4 trials: 0.43411755561828613
Average loss for (0.9, 500, 0.01) over 4 trials: 0.4111655354499817
Average loss for (0.9, 500, 0.001) over 4 trials: 0.4193764328956604
Average loss for (0.9, 500, 0.0001) over 4 trials: 0.46878570318222046
Average loss for (0.75, 1000, 0.01) over 4 trials: 0.383273184299469
Average loss for (0.75, 1000, 0.001) over 4 trials: 0.3965432047843933
Average loss for (0.75, 1000, 0.0001) over 4 trials: 0.4272765517234802
Average loss for (0.8, 1000, 0.01) over 4 trials: 0.39206647872924805
Average loss for (0.8, 1000, 0.001) over 4 trials: 0.39230459928512573
Average loss for (0.8, 1000, 0.0001) over 4 trials: 0.40565192699432373
Average loss for (0.9, 1000, 0.01) over 4 trials: 0.404440701007843
Average loss for (0.9, 1000, 0.001) over 4 trials: 0.42055758833885193
Average loss for (0.9, 1000, 0.0001) over 4 trials: 0.45145508646965027
Average loss for (0.75, 2000, 0.01) over 4 trials: 0.3841419816017151
Average loss for (0.75, 2000, 0.001) over 4 trials: 0.3925454914569855
Average loss for (0.75, 2000, 0.0001) over 4 trials: 0.4010502099990845
Average loss for (0.8, 2000, 0.01) over 4 trials: 0.41206473112106323
Average loss for (0.8, 2000, 0.001) over 4 trials: 0.3998992443084717
Average loss for (0.8, 2000, 0.0001) over 4 trials: 0.40333110094070435
Average loss for (0.9, 2000, 0.01) over 4 trials: 0.42226237058639526
Average loss for (0.9, 2000, 0.001) over 4 trials: 0.4284529387950897
Average loss for (0.9, 2000, 0.0001) over 4 trials: 0.41882821917533875
Best model on average had loss 0.383273184299469 with 0.75 split, 1000 epochs, 0.01 learning rate
Weight data: tensor([[ 0.3377,  0.1594, -0.2544,  0.1210, -0.4246,  0.3966]])
Bias data: tensor([-0.0002])
